proguard/seeds.txt
com.yichou.plugin.MyPlugin
com.yichou.plugin.MyPlugin: void onCreate(android.app.Activity)
com.yichou.plugin.MyPlugin: void onPause(android.content.Context)
com.yichou.plugin.MyPlugin: void onResume(android.content.Context)
com.yichou.plugin.MyPlugin: void onDestroy(android.content.Context)
com.yichou.plugin.MyPlugin: void onReceive(android.content.Context,android.content.Intent)
com.yichou.plugin.common.utils.FileUtils$FileState
com.yichou.plugin.common.utils.FileUtils$FileState: com.yichou.plugin.common.utils.FileUtils$FileState[] values()
com.yichou.plugin.common.utils.FileUtils$FileState: com.yichou.plugin.common.utils.FileUtils$FileState valueOf(java.lang.String)
com.yichou.plugin.common.utils.NotifyUtils$Notify
com.yichou.plugin.common.utils.SysUtils$Operator
com.yichou.plugin.common.utils.SysUtils$Operator: com.yichou.plugin.common.utils.SysUtils$Operator[] values()
com.yichou.plugin.common.utils.SysUtils$Operator: com.yichou.plugin.common.utils.SysUtils$Operator valueOf(java.lang.String)
com.yichou.plugin.common.utils.SysUtils$Standard
com.yichou.plugin.common.utils.SysUtils$Standard: com.yichou.plugin.common.utils.SysUtils$Standard[] values()
com.yichou.plugin.common.utils.SysUtils$Standard: com.yichou.plugin.common.utils.SysUtils$Standard valueOf(java.lang.String)