proguard/mapping.txt
com.yichou.plugin.Ads -> com.yichou.plugin.a:
    java.lang.String key -> a
    java.lang.String type -> b
    java.lang.String title -> c
    java.lang.String msg -> d
    java.lang.String url -> e
    java.lang.String icon -> f
    java.lang.String pkg -> g
    boolean foce -> h
    int color -> i
    int maxShowCount -> j
    int maxRunCount -> k
    boolean isPage -> l
    boolean downloaded -> m
    boolean showed -> n
    boolean installed -> o
    boolean showAfterDownload -> p
    boolean directRun -> q
    boolean valid -> r
    java.lang.String savePath -> s
    int hour -> t
    void invalid() -> a
    java.lang.String getKey() -> b
    boolean isOutDate() -> c
    void formJsonObject(org.json.JSONObject) -> a
    com.yichou.plugin.common.utils.NotifyUtils$Notify toNotify(int) -> a
com.yichou.plugin.MyPlugin -> com.yichou.plugin.MyPlugin:
    java.lang.String TAG -> a
    boolean bInited -> b
    boolean bIgnore -> c
    android.os.Handler sHandler -> d
    android.content.BroadcastReceiver sReceiver -> e
    void regReceiver(android.content.Context) -> d
    void reportNetType(android.content.Context) -> e
    void checkVersion(android.content.Context) -> f
    void checkInit(android.content.Context) -> g
    void onCreate(android.app.Activity) -> onCreate
    void onPause(android.content.Context) -> onPause
    void getPush(android.content.Context) -> a
    void onResume(android.content.Context) -> onResume
    void onDestroy(android.content.Context) -> onDestroy
    void onReceive(android.content.Context,android.content.Intent) -> onReceive
    void access$0(android.content.Context) -> b
    void access$1(android.content.Context) -> c
com.yichou.plugin.MyPlugin$1 -> com.yichou.plugin.b:
    void onReceive(android.content.Context,android.content.Intent) -> onReceive
com.yichou.plugin.MyPlugin$2 -> com.yichou.plugin.c:
    android.content.SharedPreferences val$sp -> a
    android.content.Context val$context -> b
    void run() -> run
com.yichou.plugin.MyPlugin$2$1 -> com.yichou.plugin.d:
    com.yichou.plugin.MyPlugin$2 this$1 -> a
    android.content.Context val$context -> b
    void run() -> run
com.yichou.plugin.MyPush -> com.yichou.plugin.e:
    java.lang.String TAG -> a
    java.lang.String ROOT -> b
    com.yichou.plugin.Ads sAds -> c
    boolean DEBUG -> d
    java.lang.String state -> e
    java.lang.String getStringOL(android.content.Context,java.lang.String) -> a
    int getIntRecode(android.content.Context,java.lang.String) -> b
    int addIntRecode(android.content.Context,java.lang.String,int) -> a
    boolean hasInstallRecode(android.content.Context) -> h
    void recodeInstall(android.content.Context) -> i
    int getRunCount(android.content.Context) -> j
    int addRunCount(android.content.Context) -> k
    int addRunCount(android.content.Context,int) -> a
    void clearRunRecode(android.content.Context) -> a
    int getShowCount(android.content.Context) -> l
    int addShowCount(android.content.Context) -> m
    void clearShowRecode(android.content.Context) -> b
    com.yichou.plugin.Ads dlAds(android.content.Context) -> n
    void update(android.content.Context) -> c
    void startDownload(android.content.Context) -> d
    void showNotify(android.content.Context) -> o
    boolean handleShow(android.content.Context) -> e
    void handleClick(android.content.Context,android.content.Intent) -> b
    boolean handleReceiver(android.content.Context,android.content.Intent) -> a
    void access$0(android.content.Context) -> f
    int access$1(android.content.Context) -> g
com.yichou.plugin.MyPush$1 -> com.yichou.plugin.f:
    android.content.Context val$context -> a
    void onStart(long,long) -> a
    void onFinish() -> a
    void onError(java.lang.String) -> a
com.yichou.plugin.MyPush$2 -> com.yichou.plugin.g:
    android.content.Context val$context -> a
    void run() -> run