proguard/usage.txt
com.yichou.plugin.myplugin.BuildConfig
...
com.yichou.plugin.common.utils.CipherUtils:
    15:15:public CipherUtils()
com.yichou.plugin.common.utils.FileUtils:
    static final java.lang.String LOG_TAG
    public static final int SUCCESS
    public static final int FAILED
    private static final int BUF_SIZE
    66:67:private FileUtils()
    76:76:public static com.yichou.plugin.common.utils.FileUtils$FileState fileState(java.lang.String)
    80:89:public static com.yichou.plugin.common.utils.FileUtils$FileState fileState(java.io.File)
    105:105:public static int createDir(java.lang.String)
    122:122:public static int removeDir(java.lang.String)
    185:185:public static int streamToFile(java.lang.String,java.io.InputStream,boolean)
    189:210:public static int streamToFile(java.io.File,java.io.InputStream,boolean)
    231:254:public static int bytesToFile(java.io.File,byte[],int,int,boolean)
    258:258:public static int bytesToFile(java.io.File,byte[])
    266:266:public static int bytesToFile(java.lang.String,byte[],int,int,boolean)
    282:282:public static byte[] fileToBytes(java.lang.String,int,int)
    335:335:public static int copyTo(java.lang.String,java.lang.String)
    339:355:public static int copyTo(java.io.File,java.io.File)
    362:362:public static int assetToFile(android.content.Context,java.lang.String,java.lang.String)
    377:390:public static int assetToFile(android.content.Context,java.lang.String,java.io.File)
    406:424:public static java.lang.String readStringFromAsset(android.content.res.AssetManager,java.lang.String)
com.yichou.plugin.common.utils.FileUtils$FileState:
    57:57:public java.lang.String getTag()
com.yichou.plugin.common.utils.HttpUtils:
    private static final java.lang.String LOG_TAG
    public static final java.lang.String CHARSET
    public static final java.lang.String USERAGENT
    private static org.apache.http.client.HttpClient mClient
    48:48:public HttpUtils()
    63:93:public static synchronized org.apache.http.client.HttpClient getHttpClientSingle(android.content.Context)
    103:123:public static org.apache.http.client.HttpClient newHttpClient(android.content.Context)
    127:127:public static org.apache.http.client.HttpClient getHttpClient(android.content.Context)
    131:131:public static java.lang.String get(android.content.Context,java.lang.String)
    148:167:public static boolean needProxy1(android.content.Context)
    227:230:public static org.apache.http.HttpHost getProxyHttpHost(android.content.Context)
    234:248:public static java.lang.String get(android.content.Context,org.apache.http.client.methods.HttpGet)
    252:264:public static varargs java.lang.String post(android.content.Context,java.lang.String,org.apache.http.NameValuePair[])
    268:282:public static java.lang.String post(android.content.Context,org.apache.http.client.methods.HttpPost)
com.yichou.plugin.common.utils.IconLoader:
    24:24:public IconLoader()
com.yichou.plugin.common.utils.IpUtils:
    23:23:public IpUtils()
    40:45:public static void printJsonObject(org.json.JSONObject)
    105:131:public static com.yichou.plugin.common.utils.IpUtils$Location getLocationFromTaobao(java.lang.String)
    141:156:public static java.lang.String getLocalIpV4()
com.yichou.plugin.common.utils.IpUtils$Location:
    public java.lang.String country
com.yichou.plugin.common.utils.NotifyUtils:
    public static final java.lang.String INTENT_ACTION_NOTIFY_CLEAR
    public static final java.lang.String INTENT_ACTION_NOTIFY_CLICK
    public static final int DEF_ICON_SIZE
    20:20:public NotifyUtils()
    112:131:public static void updateNotification(android.content.Intent,android.content.Context,com.yichou.plugin.common.utils.NotifyUtils$Notify)
    134:136:public static void clear(android.content.Context,int)
com.yichou.plugin.common.utils.NotifyUtils$Notify:
    private static final long serialVersionUID
    public int tag
com.yichou.plugin.common.utils.StringUtils